<?xml version="1.0" encoding="UTF-8"?>
<testsuite xmlns:xsi="http://www.w3.org/2001/XMLSchema-instance" xsi:noNamespaceSchemaLocation="https://maven.apache.org/surefire/maven-surefire-plugin/xsd/surefire-test-report-3.0.xsd" version="3.0" name="ajmind.code.APIData.ApiDataApplicationTests" time="2.587" tests="1" errors="0" skipped="0" failures="0">
  <properties>
    <property name="java.specification.version" value="17"/>
    <property name="sun.jnu.encoding" value="UTF-8"/>
    <property name="java.class.path" value="/Users/adammaas/Desktop/GitHub_Repositories/s3_data_landing/save_file_to_s3_springboot_app/target/test-classes:/Users/adammaas/Desktop/GitHub_Repositories/s3_data_landing/save_file_to_s3_springboot_app/target/classes:/Users/adammaas/.m2/repository/org/springframework/boot/spring-boot-starter-actuator/3.3.2/spring-boot-starter-actuator-3.3.2.jar:/Users/adammaas/.m2/repository/org/springframework/boot/spring-boot-starter/3.3.2/spring-boot-starter-3.3.2.jar:/Users/adammaas/.m2/repository/org/springframework/boot/spring-boot-starter-logging/3.3.2/spring-boot-starter-logging-3.3.2.jar:/Users/adammaas/.m2/repository/ch/qos/logback/logback-classic/1.5.6/logback-classic-1.5.6.jar:/Users/adammaas/.m2/repository/ch/qos/logback/logback-core/1.5.6/logback-core-1.5.6.jar:/Users/adammaas/.m2/repository/org/apache/logging/log4j/log4j-to-slf4j/2.23.1/log4j-to-slf4j-2.23.1.jar:/Users/adammaas/.m2/repository/org/apache/logging/log4j/log4j-api/2.23.1/log4j-api-2.23.1.jar:/Users/adammaas/.m2/repository/org/slf4j/jul-to-slf4j/2.0.13/jul-to-slf4j-2.0.13.jar:/Users/adammaas/.m2/repository/jakarta/annotation/jakarta.annotation-api/2.1.1/jakarta.annotation-api-2.1.1.jar:/Users/adammaas/.m2/repository/org/yaml/snakeyaml/2.2/snakeyaml-2.2.jar:/Users/adammaas/.m2/repository/org/springframework/boot/spring-boot-actuator-autoconfigure/3.3.2/spring-boot-actuator-autoconfigure-3.3.2.jar:/Users/adammaas/.m2/repository/org/springframework/boot/spring-boot-actuator/3.3.2/spring-boot-actuator-3.3.2.jar:/Users/adammaas/.m2/repository/com/fasterxml/jackson/datatype/jackson-datatype-jsr310/2.17.2/jackson-datatype-jsr310-2.17.2.jar:/Users/adammaas/.m2/repository/io/micrometer/micrometer-observation/1.13.2/micrometer-observation-1.13.2.jar:/Users/adammaas/.m2/repository/io/micrometer/micrometer-commons/1.13.2/micrometer-commons-1.13.2.jar:/Users/adammaas/.m2/repository/io/micrometer/micrometer-jakarta9/1.13.2/micrometer-jakarta9-1.13.2.jar:/Users/adammaas/.m2/repository/io/micrometer/micrometer-core/1.13.2/micrometer-core-1.13.2.jar:/Users/adammaas/.m2/repository/org/hdrhistogram/HdrHistogram/2.2.2/HdrHistogram-2.2.2.jar:/Users/adammaas/.m2/repository/org/latencyutils/LatencyUtils/2.0.3/LatencyUtils-2.0.3.jar:/Users/adammaas/.m2/repository/org/springframework/boot/spring-boot-starter-data-rest/3.3.2/spring-boot-starter-data-rest-3.3.2.jar:/Users/adammaas/.m2/repository/org/springframework/data/spring-data-rest-webmvc/4.3.2/spring-data-rest-webmvc-4.3.2.jar:/Users/adammaas/.m2/repository/org/springframework/data/spring-data-rest-core/4.3.2/spring-data-rest-core-4.3.2.jar:/Users/adammaas/.m2/repository/org/springframework/spring-tx/6.1.11/spring-tx-6.1.11.jar:/Users/adammaas/.m2/repository/org/springframework/hateoas/spring-hateoas/2.3.1/spring-hateoas-2.3.1.jar:/Users/adammaas/.m2/repository/org/springframework/data/spring-data-commons/3.3.2/spring-data-commons-3.3.2.jar:/Users/adammaas/.m2/repository/org/springframework/plugin/spring-plugin-core/3.0.0/spring-plugin-core-3.0.0.jar:/Users/adammaas/.m2/repository/org/atteo/evo-inflector/1.3/evo-inflector-1.3.jar:/Users/adammaas/.m2/repository/com/fasterxml/jackson/core/jackson-annotations/2.17.2/jackson-annotations-2.17.2.jar:/Users/adammaas/.m2/repository/org/slf4j/slf4j-api/2.0.13/slf4j-api-2.0.13.jar:/Users/adammaas/.m2/repository/org/springframework/boot/spring-boot-starter-web/3.3.2/spring-boot-starter-web-3.3.2.jar:/Users/adammaas/.m2/repository/org/springframework/boot/spring-boot-starter-json/3.3.2/spring-boot-starter-json-3.3.2.jar:/Users/adammaas/.m2/repository/com/fasterxml/jackson/datatype/jackson-datatype-jdk8/2.17.2/jackson-datatype-jdk8-2.17.2.jar:/Users/adammaas/.m2/repository/org/springframework/boot/spring-boot-starter-tomcat/3.3.2/spring-boot-starter-tomcat-3.3.2.jar:/Users/adammaas/.m2/repository/org/apache/tomcat/embed/tomcat-embed-core/10.1.26/tomcat-embed-core-10.1.26.jar:/Users/adammaas/.m2/repository/org/apache/tomcat/embed/tomcat-embed-el/10.1.26/tomcat-embed-el-10.1.26.jar:/Users/adammaas/.m2/repository/org/apache/tomcat/embed/tomcat-embed-websocket/10.1.26/tomcat-embed-websocket-10.1.26.jar:/Users/adammaas/.m2/repository/org/springframework/spring-web/6.1.11/spring-web-6.1.11.jar:/Users/adammaas/.m2/repository/org/springframework/spring-beans/6.1.11/spring-beans-6.1.11.jar:/Users/adammaas/.m2/repository/org/springframework/spring-webmvc/6.1.11/spring-webmvc-6.1.11.jar:/Users/adammaas/.m2/repository/org/springframework/spring-aop/6.1.11/spring-aop-6.1.11.jar:/Users/adammaas/.m2/repository/org/springframework/spring-context/6.1.11/spring-context-6.1.11.jar:/Users/adammaas/.m2/repository/org/springframework/spring-expression/6.1.11/spring-expression-6.1.11.jar:/Users/adammaas/.m2/repository/org/springframework/boot/spring-boot-devtools/3.3.2/spring-boot-devtools-3.3.2.jar:/Users/adammaas/.m2/repository/org/springframework/boot/spring-boot/3.3.2/spring-boot-3.3.2.jar:/Users/adammaas/.m2/repository/org/springframework/boot/spring-boot-autoconfigure/3.3.2/spring-boot-autoconfigure-3.3.2.jar:/Users/adammaas/.m2/repository/org/springframework/boot/spring-boot-docker-compose/3.3.2/spring-boot-docker-compose-3.3.2.jar:/Users/adammaas/.m2/repository/com/fasterxml/jackson/core/jackson-databind/2.17.2/jackson-databind-2.17.2.jar:/Users/adammaas/.m2/repository/com/fasterxml/jackson/core/jackson-core/2.17.2/jackson-core-2.17.2.jar:/Users/adammaas/.m2/repository/com/fasterxml/jackson/module/jackson-module-parameter-names/2.17.2/jackson-module-parameter-names-2.17.2.jar:/Users/adammaas/.m2/repository/org/projectlombok/lombok/1.18.34/lombok-1.18.34.jar:/Users/adammaas/.m2/repository/org/springframework/boot/spring-boot-starter-test/3.3.2/spring-boot-starter-test-3.3.2.jar:/Users/adammaas/.m2/repository/org/springframework/boot/spring-boot-test/3.3.2/spring-boot-test-3.3.2.jar:/Users/adammaas/.m2/repository/org/springframework/boot/spring-boot-test-autoconfigure/3.3.2/spring-boot-test-autoconfigure-3.3.2.jar:/Users/adammaas/.m2/repository/com/jayway/jsonpath/json-path/2.9.0/json-path-2.9.0.jar:/Users/adammaas/.m2/repository/jakarta/xml/bind/jakarta.xml.bind-api/4.0.2/jakarta.xml.bind-api-4.0.2.jar:/Users/adammaas/.m2/repository/jakarta/activation/jakarta.activation-api/2.1.3/jakarta.activation-api-2.1.3.jar:/Users/adammaas/.m2/repository/net/minidev/json-smart/2.5.1/json-smart-2.5.1.jar:/Users/adammaas/.m2/repository/net/minidev/accessors-smart/2.5.1/accessors-smart-2.5.1.jar:/Users/adammaas/.m2/repository/org/ow2/asm/asm/9.6/asm-9.6.jar:/Users/adammaas/.m2/repository/org/assertj/assertj-core/3.25.3/assertj-core-3.25.3.jar:/Users/adammaas/.m2/repository/net/bytebuddy/byte-buddy/1.14.18/byte-buddy-1.14.18.jar:/Users/adammaas/.m2/repository/org/awaitility/awaitility/4.2.1/awaitility-4.2.1.jar:/Users/adammaas/.m2/repository/org/hamcrest/hamcrest/2.2/hamcrest-2.2.jar:/Users/adammaas/.m2/repository/org/junit/jupiter/junit-jupiter/5.10.3/junit-jupiter-5.10.3.jar:/Users/adammaas/.m2/repository/org/junit/jupiter/junit-jupiter-api/5.10.3/junit-jupiter-api-5.10.3.jar:/Users/adammaas/.m2/repository/org/opentest4j/opentest4j/1.3.0/opentest4j-1.3.0.jar:/Users/adammaas/.m2/repository/org/junit/platform/junit-platform-commons/1.10.3/junit-platform-commons-1.10.3.jar:/Users/adammaas/.m2/repository/org/apiguardian/apiguardian-api/1.1.2/apiguardian-api-1.1.2.jar:/Users/adammaas/.m2/repository/org/junit/jupiter/junit-jupiter-params/5.10.3/junit-jupiter-params-5.10.3.jar:/Users/adammaas/.m2/repository/org/junit/jupiter/junit-jupiter-engine/5.10.3/junit-jupiter-engine-5.10.3.jar:/Users/adammaas/.m2/repository/org/junit/platform/junit-platform-engine/1.10.3/junit-platform-engine-1.10.3.jar:/Users/adammaas/.m2/repository/org/mockito/mockito-core/5.11.0/mockito-core-5.11.0.jar:/Users/adammaas/.m2/repository/net/bytebuddy/byte-buddy-agent/1.14.18/byte-buddy-agent-1.14.18.jar:/Users/adammaas/.m2/repository/org/objenesis/objenesis/3.3/objenesis-3.3.jar:/Users/adammaas/.m2/repository/org/mockito/mockito-junit-jupiter/5.11.0/mockito-junit-jupiter-5.11.0.jar:/Users/adammaas/.m2/repository/org/skyscreamer/jsonassert/1.5.3/jsonassert-1.5.3.jar:/Users/adammaas/.m2/repository/com/vaadin/external/google/android-json/0.0.20131108.vaadin1/android-json-0.0.20131108.vaadin1.jar:/Users/adammaas/.m2/repository/org/springframework/spring-core/6.1.11/spring-core-6.1.11.jar:/Users/adammaas/.m2/repository/org/springframework/spring-jcl/6.1.11/spring-jcl-6.1.11.jar:/Users/adammaas/.m2/repository/org/springframework/spring-test/6.1.11/spring-test-6.1.11.jar:/Users/adammaas/.m2/repository/org/xmlunit/xmlunit-core/2.9.1/xmlunit-core-2.9.1.jar:/Users/adammaas/.m2/repository/software/amazon/awssdk/s3/2.20.18/s3-2.20.18.jar:/Users/adammaas/.m2/repository/software/amazon/awssdk/aws-xml-protocol/2.20.18/aws-xml-protocol-2.20.18.jar:/Users/adammaas/.m2/repository/software/amazon/awssdk/aws-query-protocol/2.20.18/aws-query-protocol-2.20.18.jar:/Users/adammaas/.m2/repository/software/amazon/awssdk/protocol-core/2.20.18/protocol-core-2.20.18.jar:/Users/adammaas/.m2/repository/software/amazon/awssdk/arns/2.20.18/arns-2.20.18.jar:/Users/adammaas/.m2/repository/software/amazon/awssdk/profiles/2.20.18/profiles-2.20.18.jar:/Users/adammaas/.m2/repository/software/amazon/awssdk/sdk-core/2.20.18/sdk-core-2.20.18.jar:/Users/adammaas/.m2/repository/org/reactivestreams/reactive-streams/1.0.4/reactive-streams-1.0.4.jar:/Users/adammaas/.m2/repository/software/amazon/awssdk/auth/2.20.18/auth-2.20.18.jar:/Users/adammaas/.m2/repository/software/amazon/eventstream/eventstream/1.0.1/eventstream-1.0.1.jar:/Users/adammaas/.m2/repository/software/amazon/awssdk/http-client-spi/2.20.18/http-client-spi-2.20.18.jar:/Users/adammaas/.m2/repository/software/amazon/awssdk/regions/2.20.18/regions-2.20.18.jar:/Users/adammaas/.m2/repository/software/amazon/awssdk/annotations/2.20.18/annotations-2.20.18.jar:/Users/adammaas/.m2/repository/software/amazon/awssdk/utils/2.20.18/utils-2.20.18.jar:/Users/adammaas/.m2/repository/software/amazon/awssdk/aws-core/2.20.18/aws-core-2.20.18.jar:/Users/adammaas/.m2/repository/software/amazon/awssdk/metrics-spi/2.20.18/metrics-spi-2.20.18.jar:/Users/adammaas/.m2/repository/software/amazon/awssdk/json-utils/2.20.18/json-utils-2.20.18.jar:/Users/adammaas/.m2/repository/software/amazon/awssdk/third-party-jackson-core/2.20.18/third-party-jackson-core-2.20.18.jar:/Users/adammaas/.m2/repository/software/amazon/awssdk/endpoints-spi/2.20.18/endpoints-spi-2.20.18.jar:/Users/adammaas/.m2/repository/software/amazon/awssdk/apache-client/2.20.18/apache-client-2.20.18.jar:/Users/adammaas/.m2/repository/org/apache/httpcomponents/httpclient/4.5.13/httpclient-4.5.13.jar:/Users/adammaas/.m2/repository/commons-logging/commons-logging/1.2/commons-logging-1.2.jar:/Users/adammaas/.m2/repository/org/apache/httpcomponents/httpcore/4.4.16/httpcore-4.4.16.jar:/Users/adammaas/.m2/repository/commons-codec/commons-codec/1.16.1/commons-codec-1.16.1.jar:/Users/adammaas/.m2/repository/software/amazon/awssdk/netty-nio-client/2.20.18/netty-nio-client-2.20.18.jar:/Users/adammaas/.m2/repository/io/netty/netty-codec-http/4.1.111.Final/netty-codec-http-4.1.111.Final.jar:/Users/adammaas/.m2/repository/io/netty/netty-codec-http2/4.1.111.Final/netty-codec-http2-4.1.111.Final.jar:/Users/adammaas/.m2/repository/io/netty/netty-codec/4.1.111.Final/netty-codec-4.1.111.Final.jar:/Users/adammaas/.m2/repository/io/netty/netty-transport/4.1.111.Final/netty-transport-4.1.111.Final.jar:/Users/adammaas/.m2/repository/io/netty/netty-resolver/4.1.111.Final/netty-resolver-4.1.111.Final.jar:/Users/adammaas/.m2/repository/io/netty/netty-common/4.1.111.Final/netty-common-4.1.111.Final.jar:/Users/adammaas/.m2/repository/io/netty/netty-buffer/4.1.111.Final/netty-buffer-4.1.111.Final.jar:/Users/adammaas/.m2/repository/io/netty/netty-handler/4.1.111.Final/netty-handler-4.1.111.Final.jar:/Users/adammaas/.m2/repository/io/netty/netty-transport-native-unix-common/4.1.111.Final/netty-transport-native-unix-common-4.1.111.Final.jar:/Users/adammaas/.m2/repository/io/netty/netty-transport-classes-epoll/4.1.111.Final/netty-transport-classes-epoll-4.1.111.Final.jar:"/>
    <property name="java.vm.vendor" value="Oracle Corporation"/>
    <property name="sun.arch.data.model" value="64"/>
    <property name="java.vendor.url" value="https://java.oracle.com/"/>
    <property name="user.timezone" value="America/New_York"/>
    <property name="os.name" value="Mac OS X"/>
    <property name="java.vm.specification.version" value="17"/>
    <property name="sun.java.launcher" value="SUN_STANDARD"/>
    <property name="user.country" value="US"/>
    <property name="sun.boot.library.path" value="/Library/Java/JavaVirtualMachines/jdk-17.jdk/Contents/Home/lib"/>
    <property name="sun.java.command" value="/Users/adammaas/Desktop/GitHub_Repositories/s3_data_landing/save_file_to_s3_springboot_app/target/surefire/surefirebooter-20240803105900309_3.jar /Users/adammaas/Desktop/GitHub_Repositories/s3_data_landing/save_file_to_s3_springboot_app/target/surefire 2024-08-03T10-59-00_265-jvmRun1 surefire-20240803105900309_1tmp surefire_0-20240803105900309_2tmp"/>
    <property name="http.nonProxyHosts" value="local|*.local|169.254/16|*.169.254/16"/>
    <property name="jdk.debug" value="release"/>
    <property name="surefire.test.class.path" value="/Users/adammaas/Desktop/GitHub_Repositories/s3_data_landing/save_file_to_s3_springboot_app/target/test-classes:/Users/adammaas/Desktop/GitHub_Repositories/s3_data_landing/save_file_to_s3_springboot_app/target/classes:/Users/adammaas/.m2/repository/org/springframework/boot/spring-boot-starter-actuator/3.3.2/spring-boot-starter-actuator-3.3.2.jar:/Users/adammaas/.m2/repository/org/springframework/boot/spring-boot-starter/3.3.2/spring-boot-starter-3.3.2.jar:/Users/adammaas/.m2/repository/org/springframework/boot/spring-boot-starter-logging/3.3.2/spring-boot-starter-logging-3.3.2.jar:/Users/adammaas/.m2/repository/ch/qos/logback/logback-classic/1.5.6/logback-classic-1.5.6.jar:/Users/adammaas/.m2/repository/ch/qos/logback/logback-core/1.5.6/logback-core-1.5.6.jar:/Users/adammaas/.m2/repository/org/apache/logging/log4j/log4j-to-slf4j/2.23.1/log4j-to-slf4j-2.23.1.jar:/Users/adammaas/.m2/repository/org/apache/logging/log4j/log4j-api/2.23.1/log4j-api-2.23.1.jar:/Users/adammaas/.m2/repository/org/slf4j/jul-to-slf4j/2.0.13/jul-to-slf4j-2.0.13.jar:/Users/adammaas/.m2/repository/jakarta/annotation/jakarta.annotation-api/2.1.1/jakarta.annotation-api-2.1.1.jar:/Users/adammaas/.m2/repository/org/yaml/snakeyaml/2.2/snakeyaml-2.2.jar:/Users/adammaas/.m2/repository/org/springframework/boot/spring-boot-actuator-autoconfigure/3.3.2/spring-boot-actuator-autoconfigure-3.3.2.jar:/Users/adammaas/.m2/repository/org/springframework/boot/spring-boot-actuator/3.3.2/spring-boot-actuator-3.3.2.jar:/Users/adammaas/.m2/repository/com/fasterxml/jackson/datatype/jackson-datatype-jsr310/2.17.2/jackson-datatype-jsr310-2.17.2.jar:/Users/adammaas/.m2/repository/io/micrometer/micrometer-observation/1.13.2/micrometer-observation-1.13.2.jar:/Users/adammaas/.m2/repository/io/micrometer/micrometer-commons/1.13.2/micrometer-commons-1.13.2.jar:/Users/adammaas/.m2/repository/io/micrometer/micrometer-jakarta9/1.13.2/micrometer-jakarta9-1.13.2.jar:/Users/adammaas/.m2/repository/io/micrometer/micrometer-core/1.13.2/micrometer-core-1.13.2.jar:/Users/adammaas/.m2/repository/org/hdrhistogram/HdrHistogram/2.2.2/HdrHistogram-2.2.2.jar:/Users/adammaas/.m2/repository/org/latencyutils/LatencyUtils/2.0.3/LatencyUtils-2.0.3.jar:/Users/adammaas/.m2/repository/org/springframework/boot/spring-boot-starter-data-rest/3.3.2/spring-boot-starter-data-rest-3.3.2.jar:/Users/adammaas/.m2/repository/org/springframework/data/spring-data-rest-webmvc/4.3.2/spring-data-rest-webmvc-4.3.2.jar:/Users/adammaas/.m2/repository/org/springframework/data/spring-data-rest-core/4.3.2/spring-data-rest-core-4.3.2.jar:/Users/adammaas/.m2/repository/org/springframework/spring-tx/6.1.11/spring-tx-6.1.11.jar:/Users/adammaas/.m2/repository/org/springframework/hateoas/spring-hateoas/2.3.1/spring-hateoas-2.3.1.jar:/Users/adammaas/.m2/repository/org/springframework/data/spring-data-commons/3.3.2/spring-data-commons-3.3.2.jar:/Users/adammaas/.m2/repository/org/springframework/plugin/spring-plugin-core/3.0.0/spring-plugin-core-3.0.0.jar:/Users/adammaas/.m2/repository/org/atteo/evo-inflector/1.3/evo-inflector-1.3.jar:/Users/adammaas/.m2/repository/com/fasterxml/jackson/core/jackson-annotations/2.17.2/jackson-annotations-2.17.2.jar:/Users/adammaas/.m2/repository/org/slf4j/slf4j-api/2.0.13/slf4j-api-2.0.13.jar:/Users/adammaas/.m2/repository/org/springframework/boot/spring-boot-starter-web/3.3.2/spring-boot-starter-web-3.3.2.jar:/Users/adammaas/.m2/repository/org/springframework/boot/spring-boot-starter-json/3.3.2/spring-boot-starter-json-3.3.2.jar:/Users/adammaas/.m2/repository/com/fasterxml/jackson/datatype/jackson-datatype-jdk8/2.17.2/jackson-datatype-jdk8-2.17.2.jar:/Users/adammaas/.m2/repository/org/springframework/boot/spring-boot-starter-tomcat/3.3.2/spring-boot-starter-tomcat-3.3.2.jar:/Users/adammaas/.m2/repository/org/apache/tomcat/embed/tomcat-embed-core/10.1.26/tomcat-embed-core-10.1.26.jar:/Users/adammaas/.m2/repository/org/apache/tomcat/embed/tomcat-embed-el/10.1.26/tomcat-embed-el-10.1.26.jar:/Users/adammaas/.m2/repository/org/apache/tomcat/embed/tomcat-embed-websocket/10.1.26/tomcat-embed-websocket-10.1.26.jar:/Users/adammaas/.m2/repository/org/springframework/spring-web/6.1.11/spring-web-6.1.11.jar:/Users/adammaas/.m2/repository/org/springframework/spring-beans/6.1.11/spring-beans-6.1.11.jar:/Users/adammaas/.m2/repository/org/springframework/spring-webmvc/6.1.11/spring-webmvc-6.1.11.jar:/Users/adammaas/.m2/repository/org/springframework/spring-aop/6.1.11/spring-aop-6.1.11.jar:/Users/adammaas/.m2/repository/org/springframework/spring-context/6.1.11/spring-context-6.1.11.jar:/Users/adammaas/.m2/repository/org/springframework/spring-expression/6.1.11/spring-expression-6.1.11.jar:/Users/adammaas/.m2/repository/org/springframework/boot/spring-boot-devtools/3.3.2/spring-boot-devtools-3.3.2.jar:/Users/adammaas/.m2/repository/org/springframework/boot/spring-boot/3.3.2/spring-boot-3.3.2.jar:/Users/adammaas/.m2/repository/org/springframework/boot/spring-boot-autoconfigure/3.3.2/spring-boot-autoconfigure-3.3.2.jar:/Users/adammaas/.m2/repository/org/springframework/boot/spring-boot-docker-compose/3.3.2/spring-boot-docker-compose-3.3.2.jar:/Users/adammaas/.m2/repository/com/fasterxml/jackson/core/jackson-databind/2.17.2/jackson-databind-2.17.2.jar:/Users/adammaas/.m2/repository/com/fasterxml/jackson/core/jackson-core/2.17.2/jackson-core-2.17.2.jar:/Users/adammaas/.m2/repository/com/fasterxml/jackson/module/jackson-module-parameter-names/2.17.2/jackson-module-parameter-names-2.17.2.jar:/Users/adammaas/.m2/repository/org/projectlombok/lombok/1.18.34/lombok-1.18.34.jar:/Users/adammaas/.m2/repository/org/springframework/boot/spring-boot-starter-test/3.3.2/spring-boot-starter-test-3.3.2.jar:/Users/adammaas/.m2/repository/org/springframework/boot/spring-boot-test/3.3.2/spring-boot-test-3.3.2.jar:/Users/adammaas/.m2/repository/org/springframework/boot/spring-boot-test-autoconfigure/3.3.2/spring-boot-test-autoconfigure-3.3.2.jar:/Users/adammaas/.m2/repository/com/jayway/jsonpath/json-path/2.9.0/json-path-2.9.0.jar:/Users/adammaas/.m2/repository/jakarta/xml/bind/jakarta.xml.bind-api/4.0.2/jakarta.xml.bind-api-4.0.2.jar:/Users/adammaas/.m2/repository/jakarta/activation/jakarta.activation-api/2.1.3/jakarta.activation-api-2.1.3.jar:/Users/adammaas/.m2/repository/net/minidev/json-smart/2.5.1/json-smart-2.5.1.jar:/Users/adammaas/.m2/repository/net/minidev/accessors-smart/2.5.1/accessors-smart-2.5.1.jar:/Users/adammaas/.m2/repository/org/ow2/asm/asm/9.6/asm-9.6.jar:/Users/adammaas/.m2/repository/org/assertj/assertj-core/3.25.3/assertj-core-3.25.3.jar:/Users/adammaas/.m2/repository/net/bytebuddy/byte-buddy/1.14.18/byte-buddy-1.14.18.jar:/Users/adammaas/.m2/repository/org/awaitility/awaitility/4.2.1/awaitility-4.2.1.jar:/Users/adammaas/.m2/repository/org/hamcrest/hamcrest/2.2/hamcrest-2.2.jar:/Users/adammaas/.m2/repository/org/junit/jupiter/junit-jupiter/5.10.3/junit-jupiter-5.10.3.jar:/Users/adammaas/.m2/repository/org/junit/jupiter/junit-jupiter-api/5.10.3/junit-jupiter-api-5.10.3.jar:/Users/adammaas/.m2/repository/org/opentest4j/opentest4j/1.3.0/opentest4j-1.3.0.jar:/Users/adammaas/.m2/repository/org/junit/platform/junit-platform-commons/1.10.3/junit-platform-commons-1.10.3.jar:/Users/adammaas/.m2/repository/org/apiguardian/apiguardian-api/1.1.2/apiguardian-api-1.1.2.jar:/Users/adammaas/.m2/repository/org/junit/jupiter/junit-jupiter-params/5.10.3/junit-jupiter-params-5.10.3.jar:/Users/adammaas/.m2/repository/org/junit/jupiter/junit-jupiter-engine/5.10.3/junit-jupiter-engine-5.10.3.jar:/Users/adammaas/.m2/repository/org/junit/platform/junit-platform-engine/1.10.3/junit-platform-engine-1.10.3.jar:/Users/adammaas/.m2/repository/org/mockito/mockito-core/5.11.0/mockito-core-5.11.0.jar:/Users/adammaas/.m2/repository/net/bytebuddy/byte-buddy-agent/1.14.18/byte-buddy-agent-1.14.18.jar:/Users/adammaas/.m2/repository/org/objenesis/objenesis/3.3/objenesis-3.3.jar:/Users/adammaas/.m2/repository/org/mockito/mockito-junit-jupiter/5.11.0/mockito-junit-jupiter-5.11.0.jar:/Users/adammaas/.m2/repository/org/skyscreamer/jsonassert/1.5.3/jsonassert-1.5.3.jar:/Users/adammaas/.m2/repository/com/vaadin/external/google/android-json/0.0.20131108.vaadin1/android-json-0.0.20131108.vaadin1.jar:/Users/adammaas/.m2/repository/org/springframework/spring-core/6.1.11/spring-core-6.1.11.jar:/Users/adammaas/.m2/repository/org/springframework/spring-jcl/6.1.11/spring-jcl-6.1.11.jar:/Users/adammaas/.m2/repository/org/springframework/spring-test/6.1.11/spring-test-6.1.11.jar:/Users/adammaas/.m2/repository/org/xmlunit/xmlunit-core/2.9.1/xmlunit-core-2.9.1.jar:/Users/adammaas/.m2/repository/software/amazon/awssdk/s3/2.20.18/s3-2.20.18.jar:/Users/adammaas/.m2/repository/software/amazon/awssdk/aws-xml-protocol/2.20.18/aws-xml-protocol-2.20.18.jar:/Users/adammaas/.m2/repository/software/amazon/awssdk/aws-query-protocol/2.20.18/aws-query-protocol-2.20.18.jar:/Users/adammaas/.m2/repository/software/amazon/awssdk/protocol-core/2.20.18/protocol-core-2.20.18.jar:/Users/adammaas/.m2/repository/software/amazon/awssdk/arns/2.20.18/arns-2.20.18.jar:/Users/adammaas/.m2/repository/software/amazon/awssdk/profiles/2.20.18/profiles-2.20.18.jar:/Users/adammaas/.m2/repository/software/amazon/awssdk/sdk-core/2.20.18/sdk-core-2.20.18.jar:/Users/adammaas/.m2/repository/org/reactivestreams/reactive-streams/1.0.4/reactive-streams-1.0.4.jar:/Users/adammaas/.m2/repository/software/amazon/awssdk/auth/2.20.18/auth-2.20.18.jar:/Users/adammaas/.m2/repository/software/amazon/eventstream/eventstream/1.0.1/eventstream-1.0.1.jar:/Users/adammaas/.m2/repository/software/amazon/awssdk/http-client-spi/2.20.18/http-client-spi-2.20.18.jar:/Users/adammaas/.m2/repository/software/amazon/awssdk/regions/2.20.18/regions-2.20.18.jar:/Users/adammaas/.m2/repository/software/amazon/awssdk/annotations/2.20.18/annotations-2.20.18.jar:/Users/adammaas/.m2/repository/software/amazon/awssdk/utils/2.20.18/utils-2.20.18.jar:/Users/adammaas/.m2/repository/software/amazon/awssdk/aws-core/2.20.18/aws-core-2.20.18.jar:/Users/adammaas/.m2/repository/software/amazon/awssdk/metrics-spi/2.20.18/metrics-spi-2.20.18.jar:/Users/adammaas/.m2/repository/software/amazon/awssdk/json-utils/2.20.18/json-utils-2.20.18.jar:/Users/adammaas/.m2/repository/software/amazon/awssdk/third-party-jackson-core/2.20.18/third-party-jackson-core-2.20.18.jar:/Users/adammaas/.m2/repository/software/amazon/awssdk/endpoints-spi/2.20.18/endpoints-spi-2.20.18.jar:/Users/adammaas/.m2/repository/software/amazon/awssdk/apache-client/2.20.18/apache-client-2.20.18.jar:/Users/adammaas/.m2/repository/org/apache/httpcomponents/httpclient/4.5.13/httpclient-4.5.13.jar:/Users/adammaas/.m2/repository/commons-logging/commons-logging/1.2/commons-logging-1.2.jar:/Users/adammaas/.m2/repository/org/apache/httpcomponents/httpcore/4.4.16/httpcore-4.4.16.jar:/Users/adammaas/.m2/repository/commons-codec/commons-codec/1.16.1/commons-codec-1.16.1.jar:/Users/adammaas/.m2/repository/software/amazon/awssdk/netty-nio-client/2.20.18/netty-nio-client-2.20.18.jar:/Users/adammaas/.m2/repository/io/netty/netty-codec-http/4.1.111.Final/netty-codec-http-4.1.111.Final.jar:/Users/adammaas/.m2/repository/io/netty/netty-codec-http2/4.1.111.Final/netty-codec-http2-4.1.111.Final.jar:/Users/adammaas/.m2/repository/io/netty/netty-codec/4.1.111.Final/netty-codec-4.1.111.Final.jar:/Users/adammaas/.m2/repository/io/netty/netty-transport/4.1.111.Final/netty-transport-4.1.111.Final.jar:/Users/adammaas/.m2/repository/io/netty/netty-resolver/4.1.111.Final/netty-resolver-4.1.111.Final.jar:/Users/adammaas/.m2/repository/io/netty/netty-common/4.1.111.Final/netty-common-4.1.111.Final.jar:/Users/adammaas/.m2/repository/io/netty/netty-buffer/4.1.111.Final/netty-buffer-4.1.111.Final.jar:/Users/adammaas/.m2/repository/io/netty/netty-handler/4.1.111.Final/netty-handler-4.1.111.Final.jar:/Users/adammaas/.m2/repository/io/netty/netty-transport-native-unix-common/4.1.111.Final/netty-transport-native-unix-common-4.1.111.Final.jar:/Users/adammaas/.m2/repository/io/netty/netty-transport-classes-epoll/4.1.111.Final/netty-transport-classes-epoll-4.1.111.Final.jar:"/>
    <property name="sun.cpu.endian" value="little"/>
    <property name="user.home" value="/Users/adammaas"/>
    <property name="user.language" value="en"/>
    <property name="java.specification.vendor" value="Oracle Corporation"/>
    <property name="java.version.date" value="2024-04-16"/>
    <property name="java.home" value="/Library/Java/JavaVirtualMachines/jdk-17.jdk/Contents/Home"/>
    <property name="file.separator" value="/"/>
    <property name="basedir" value="/Users/adammaas/Desktop/GitHub_Repositories/s3_data_landing/save_file_to_s3_springboot_app"/>
    <property name="java.vm.compressedOopsMode" value="Zero based"/>
    <property name="line.separator" value="&#10;"/>
    <property name="java.vm.specification.vendor" value="Oracle Corporation"/>
    <property name="java.specification.name" value="Java Platform API Specification"/>
    <property name="FILE_LOG_CHARSET" value="UTF-8"/>
    <property name="java.awt.headless" value="true"/>
    <property name="surefire.real.class.path" value="/Users/adammaas/Desktop/GitHub_Repositories/s3_data_landing/save_file_to_s3_springboot_app/target/surefire/surefirebooter-20240803105900309_3.jar"/>
    <property name="sun.management.compiler" value="HotSpot 64-Bit Tiered Compilers"/>
    <property name="ftp.nonProxyHosts" value="local|*.local|169.254/16|*.169.254/16"/>
    <property name="java.runtime.version" value="17.0.11+7-LTS-207"/>
    <property name="user.name" value="adammaas"/>
    <property name="path.separator" value=":"/>
    <property name="os.version" value="13.2"/>
    <property name="java.runtime.name" value="Java(TM) SE Runtime Environment"/>
    <property name="file.encoding" value="UTF-8"/>
    <property name="java.vm.name" value="Java HotSpot(TM) 64-Bit Server VM"/>
    <property name="localRepository" value="/Users/adammaas/.m2/repository"/>
    <property name="java.vendor.url.bug" value="https://bugreport.java.com/bugreport/"/>
    <property name="java.io.tmpdir" value="/var/folders/_n/5xcw_9ws02j2hb_n_hq22y9c0000gn/T/"/>
    <property name="java.version" value="17.0.11"/>
    <property name="user.dir" value="/Users/adammaas/Desktop/GitHub_Repositories/s3_data_landing/save_file_to_s3_springboot_app"/>
    <property name="os.arch" value="aarch64"/>
    <property name="java.vm.specification.name" value="Java Virtual Machine Specification"/>
    <property name="PID" value="27552"/>
    <property name="CONSOLE_LOG_CHARSET" value="UTF-8"/>
    <property name="native.encoding" value="UTF-8"/>
    <property name="java.library.path" value="/Users/adammaas/Library/Java/Extensions:/Library/Java/Extensions:/Network/Library/Java/Extensions:/System/Library/Java/Extensions:/usr/lib/java:."/>
    <property name="java.vm.info" value="mixed mode, sharing"/>
    <property name="java.vendor" value="Oracle Corporation"/>
    <property name="java.vm.version" value="17.0.11+7-LTS-207"/>
    <property name="sun.io.unicode.encoding" value="UnicodeBig"/>
    <property name="socksNonProxyHosts" value="local|*.local|169.254/16|*.169.254/16"/>
    <property name="java.class.version" value="61.0"/>
    <property name="LOGGED_APPLICATION_NAME" value="[APIData] "/>
  </properties>
  <testcase name="contextLoads" classname="ajmind.code.APIData.ApiDataApplicationTests" time="0.402">
    <system-out><![CDATA[10:59:00.664 [main] INFO org.springframework.test.context.support.AnnotationConfigContextLoaderUtils -- Could not detect default configuration classes for test class [ajmind.code.APIData.ApiDataApplicationTests]: ApiDataApplicationTests does not declare any static, non-private, non-final, nested classes annotated with @Configuration.
10:59:00.712 [main] INFO org.springframework.boot.test.context.SpringBootTestContextBootstrapper -- Found @SpringBootConfiguration ajmind.code.APIData.ApiDataApplication for test class ajmind.code.APIData.ApiDataApplicationTests
10:59:00.794 [main] INFO org.springframework.boot.devtools.restart.RestartApplicationListener -- Restart disabled due to context in which it is running

  .   ____          _            __ _ _
 /\\ / ___'_ __ _ _(_)_ __  __ _ \ \ \ \
( ( )\___ | '_ | '_| | '_ \/ _` | \ \ \ \
 \\/  ___)| |_)| | | | | || (_| |  ) ) ) )
  '  |____| .__|_| |_|_| |_\__, | / / / /
 =========|_|==============|___/=/_/_/_/

 :: Spring Boot ::                (v3.3.2)

2024-08-03T10:59:00.920-04:00  INFO 27552 --- [APIData] [           main] a.code.APIData.ApiDataApplicationTests   : Starting ApiDataApplicationTests using Java 17.0.11 with PID 27552 (started by adammaas in /Users/adammaas/Desktop/GitHub_Repositories/s3_data_landing/save_file_to_s3_springboot_app)
2024-08-03T10:59:00.921-04:00  INFO 27552 --- [APIData] [           main] a.code.APIData.ApiDataApplicationTests   : No active profile set, falling back to 1 default profile: "default"
2024-08-03T10:59:02.105-04:00  INFO 27552 --- [APIData] [           main] o.s.b.a.e.web.EndpointLinksResolver      : Exposing 1 endpoint beneath base path '/actuator'
2024-08-03T10:59:02.138-04:00  INFO 27552 --- [APIData] [           main] a.code.APIData.ApiDataApplicationTests   : Started ApiDataApplicationTests in 1.351 seconds (process running for 1.788)
2024-08-03T10:59:02.465-04:00  INFO 27552 --- [APIData] [           main] ajmind.code.APIData.ApiDataApplication   : Attempting to upload to S3 bucket: football-data-s3-adam-maas-12202
2024-08-03T10:59:02.758-04:00  INFO 27552 --- [APIData] [           main] ajmind.code.APIData.ApiDataApplication   : File uploaded to S3 bucket: football-data-s3-adam-maas-12202/todo.json
]]></system-out>
  </testcase>
</testsuite>